Using pre-set license
Built from '2021.1/release' branch; Version is '2021.1.1f1 (6fdc41dfa55a) revision 7330881'; Using compiler version '192528614'; Build Type 'Release'
OS: 'Windows 10 Home; OS build 19043.1165; Version 2009; 64bit' Language: 'en' Physical Memory: 32689 MB
BatchMode: 1, IsHumanControllingUs: 0, StartBugReporterOnCrash: 0, Is64bit: 1, IsPro: 0

 COMMAND LINE ARGUMENTS:
D:\Program Files\Unity\Hub\Editor\2021.1.1f1\Editor\Unity.exe
-adb2
-batchMode
-noUpm
-name
AssetImportWorker0
-projectPath
D:/Users/simon/Documents/unity files/Ballbearing sim
-logFile
Logs/AssetImportWorker0.log
-srvPort
49884
Successfully changed project path to: D:/Users/simon/Documents/unity files/Ballbearing sim
D:/Users/simon/Documents/unity files/Ballbearing sim
Using Asset Import Pipeline V2.
Refreshing native plugins compatible for Editor in 87.93 ms, found 2 plugins.
Preloading 0 native plugins for Editor in 0.00 ms.
Initialize engine version: 2021.1.1f1 (6fdc41dfa55a)
[Subsystems] Discovering subsystems at path D:/Program Files/Unity/Hub/Editor/2021.1.1f1/Editor/Data/Resources/UnitySubsystems
[Subsystems] Discovering subsystems at path D:/Users/simon/Documents/unity files/Ballbearing sim/Assets
GfxDevice: creating device client; threaded=0; jobified=0
Direct3D:
    Version:  Direct3D 11.0 [level 11.1]
    Renderer: NVIDIA GeForce RTX 2060 SUPER (ID=0x1f06)
    Vendor:   NVIDIA
    VRAM:     8031 MB
    Driver:   27.21.14.5671
Initialize mono
Mono path[0] = 'D:/Program Files/Unity/Hub/Editor/2021.1.1f1/Editor/Data/Managed'
Mono path[1] = 'D:/Program Files/Unity/Hub/Editor/2021.1.1f1/Editor/Data/MonoBleedingEdge/lib/mono/unityjit'
Mono config path = 'D:/Program Files/Unity/Hub/Editor/2021.1.1f1/Editor/Data/MonoBleedingEdge/etc'
Using monoOptions --debugger-agent=transport=dt_socket,embedding=1,server=y,suspend=n,address=127.0.0.1:56176
Begin MonoManager ReloadAssembly
Registering precompiled unity dll's ...
Register platform support module: D:/Program Files/Unity/Hub/Editor/2021.1.1f1/Editor/Data/PlaybackEngines/WebGLSupport/UnityEditor.WebGL.Extensions.dll
Register platform support module: D:/Program Files/Unity/Hub/Editor/2021.1.1f1/Editor/Data/PlaybackEngines/MacStandaloneSupport/UnityEditor.OSXStandalone.Extensions.dll
Register platform support module: D:/Program Files/Unity/Hub/Editor/2021.1.1f1/Editor/Data/PlaybackEngines/WindowsStandaloneSupport/UnityEditor.WindowsStandalone.Extensions.dll
Register platform support module: D:/Program Files/Unity/Hub/Editor/2021.1.1f1/Editor/Data/PlaybackEngines/LinuxStandaloneSupport/UnityEditor.LinuxStandalone.Extensions.dll
Register platform support module: D:/Program Files/Unity/Hub/Editor/2021.1.1f1/Editor/Data/PlaybackEngines/LuminSupport/UnityEditor.Lumin.Extensions.dll
Registered in 0.001816 seconds.
Native extension for Lumin target not found
Native extension for LinuxStandalone target not found
Native extension for WindowsStandalone target not found
Native extension for OSXStandalone target not found
Native extension for WebGL target not found
Refreshing native plugins compatible for Editor in 88.11 ms, found 2 plugins.
Preloading 0 native plugins for Editor in 0.00 ms.
Mono: successfully reloaded assembly
- Completed reload, in  2.306 seconds
Platform modules already initialized, skipping
Registering precompiled user dll's ...
Registered in 0.002613 seconds.
Begin MonoManager ReloadAssembly
Native extension for Lumin target not found
Native extension for LinuxStandalone target not found
Native extension for WindowsStandalone target not found
Native extension for OSXStandalone target not found
Native extension for WebGL target not found
Refreshing native plugins compatible for Editor in 89.02 ms, found 2 plugins.
Preloading 0 native plugins for Editor in 0.00 ms.
Mono: successfully reloaded assembly
- Completed reload, in  1.044 seconds
Platform modules already initialized, skipping
========================================================================
Worker process is ready to serve import requests
Launched and connected shader compiler UnityShaderCompiler.exe after 0.04 seconds
Refreshing native plugins compatible for Editor in 0.57 ms, found 2 plugins.
Preloading 0 native plugins for Editor in 0.00 ms.
Unloading 3389 Unused Serialized files (Serialized files now loaded: 0)
System memory in use before: 130.2 MB.
System memory in use after: 130.3 MB.

Unloading 29 unused Assets to reduce memory usage. Loaded Objects now: 3842.
Total: 2.532100 ms (FindLiveObjects: 0.270700 ms CreateObjectMapping: 0.223000 ms MarkObjects: 1.896200 ms  DeleteObjects: 0.141400 ms)

========================================================================
Received Import Request.
  path: Assets/Animation
  artifactKey: Guid(26bcba4305c9af446a0dd459ac43bc92) Importer(815301076,1909f56bfc062723c751e8b465ee728b)
Start importing Assets/Animation using Guid(26bcba4305c9af446a0dd459ac43bc92) Importer(815301076,1909f56bfc062723c751e8b465ee728b)  -> (artifact id: '34a6e217237057f9c22a49373c618ed7') in 0.005127 seconds 
========================================================================
Received Import Request.
  Time since last request: 12.785688 seconds.
  path: Assets/Animation/Goblin
  artifactKey: Guid(f5cbb356b0bf9e14cb4f5997872ec529) Importer(815301076,1909f56bfc062723c751e8b465ee728b)
Start importing Assets/Animation/Goblin using Guid(f5cbb356b0bf9e14cb4f5997872ec529) Importer(815301076,1909f56bfc062723c751e8b465ee728b)  -> (artifact id: 'ae1579fded0af33b630e6b1c39c7a095') in 0.001516 seconds 
========================================================================
Received Import Request.
  Time since last request: 81.272291 seconds.
  path: Assets/Animation/Goblin/Gobbo2-0-1.png
  artifactKey: Guid(516857d2bc9319f42bf4f29860c6f382) Importer(815301076,1909f56bfc062723c751e8b465ee728b)
Start importing Assets/Animation/Goblin/Gobbo2-0-1.png using Guid(516857d2bc9319f42bf4f29860c6f382) Importer(815301076,1909f56bfc062723c751e8b465ee728b)  -> (artifact id: '85e1074cf54a3a100f4f69f9012e5156') in 0.129328 seconds 
========================================================================
Received Import Request.
  Time since last request: 0.000236 seconds.
  path: Assets/Animation/Goblin/Gobbo2.png
  artifactKey: Guid(620ce572f1104634eaa13047fa1f0609) Importer(815301076,1909f56bfc062723c751e8b465ee728b)
Start importing Assets/Animation/Goblin/Gobbo2.png using Guid(620ce572f1104634eaa13047fa1f0609) Importer(815301076,1909f56bfc062723c751e8b465ee728b)  -> (artifact id: 'c2e3b82096cec81d057bb8de73dac050') in 0.018260 seconds 
========================================================================
Received Import Request.
  Time since last request: 0.000181 seconds.
  path: Assets/Animation/Goblin/Gobbo2-1.png
  artifactKey: Guid(7e56affd7c0af444e80d2f80ac2d4b76) Importer(815301076,1909f56bfc062723c751e8b465ee728b)
Start importing Assets/Animation/Goblin/Gobbo2-1.png using Guid(7e56affd7c0af444e80d2f80ac2d4b76) Importer(815301076,1909f56bfc062723c751e8b465ee728b)  -> (artifact id: 'baada5ba23daadafd099fe8be6b54ac0') in 0.019470 seconds 
========================================================================
Received Import Request.
  Time since last request: 0.000220 seconds.
  path: Assets/Animation/Goblin/Gobbo2-2.png
  artifactKey: Guid(d7e355c162442b4488e417924a8b1bb3) Importer(815301076,1909f56bfc062723c751e8b465ee728b)
Start importing Assets/Animation/Goblin/Gobbo2-2.png using Guid(d7e355c162442b4488e417924a8b1bb3) Importer(815301076,1909f56bfc062723c751e8b465ee728b)  -> (artifact id: 'c48ccd28e0923da57ac442beb3293b9e') in 0.020497 seconds 
========================================================================
Received Import Request.
  Time since last request: 0.000211 seconds.
  path: Assets/Animation/Goblin/Gobbo2-0-2.png
  artifactKey: Guid(708a2ce3192c797458af1609468e3b94) Importer(815301076,1909f56bfc062723c751e8b465ee728b)
Start importing Assets/Animation/Goblin/Gobbo2-0-2.png using Guid(708a2ce3192c797458af1609468e3b94) Importer(815301076,1909f56bfc062723c751e8b465ee728b)  -> (artifact id: '20d09c88110c4b5f21a90a61cfb93182') in 0.021005 seconds 
========================================================================
Received Import Request.
  Time since last request: 0.000207 seconds.
  path: Assets/Animation/Goblin/Gobbo2-3.png
  artifactKey: Guid(e7e4569424f22d1419ae08c676f04d88) Importer(815301076,1909f56bfc062723c751e8b465ee728b)
Start importing Assets/Animation/Goblin/Gobbo2-3.png using Guid(e7e4569424f22d1419ae08c676f04d88) Importer(815301076,1909f56bfc062723c751e8b465ee728b)  -> (artifact id: 'abf919dfba863781489f140d19d57c7f') in 0.009157 seconds 
========================================================================
Received Import Request.
  Time since last request: 168.180683 seconds.
  path: Assets/Animation/Goblin/New Animation.anim
  artifactKey: Guid(982ed9b374a6ae1479b0b0eb6316d664) Importer(815301076,1909f56bfc062723c751e8b465ee728b)
Start importing Assets/Animation/Goblin/New Animation.anim using Guid(982ed9b374a6ae1479b0b0eb6316d664) Importer(815301076,1909f56bfc062723c751e8b465ee728b)  -> (artifact id: '9b7792bb2cd299837ff647010fe97b68') in 0.004795 seconds 
========================================================================
Received Import Request.
  Time since last request: 5.590365 seconds.
  path: Assets/Animation/Goblin/Spawn.anim
  artifactKey: Guid(982ed9b374a6ae1479b0b0eb6316d664) Importer(815301076,1909f56bfc062723c751e8b465ee728b)
Start importing Assets/Animation/Goblin/Spawn.anim using Guid(982ed9b374a6ae1479b0b0eb6316d664) Importer(815301076,1909f56bfc062723c751e8b465ee728b)  -> (artifact id: 'ef5e54cf5142b1ac4d0ae2472826434b') in 0.002313 seconds 
========================================================================
Received Prepare
Registering precompiled user dll's ...
Registered in 0.002749 seconds.
Begin MonoManager ReloadAssembly
Native extension for Lumin target not found
Native extension for LinuxStandalone target not found
Native extension for WindowsStandalone target not found
Native extension for OSXStandalone target not found
Native extension for WebGL target not found
Refreshing native plugins compatible for Editor in 0.66 ms, found 2 plugins.
Preloading 0 native plugins for Editor in 0.00 ms.
Mono: successfully reloaded assembly
- Completed reload, in  0.926 seconds
Platform modules already initialized, skipping
Refreshing native plugins compatible for Editor in 0.58 ms, found 2 plugins.
Preloading 0 native plugins for Editor in 0.00 ms.
Unloading 3377 Unused Serialized files (Serialized files now loaded: 0)
System memory in use before: 147.2 MB.
System memory in use after: 147.3 MB.

Unloading 17 unused Assets to reduce memory usage. Loaded Objects now: 3942.
Total: 2.501800 ms (FindLiveObjects: 0.256300 ms CreateObjectMapping: 0.180600 ms MarkObjects: 1.968500 ms  DeleteObjects: 0.095400 ms)

AssetImportWorkerClient::OnTransportError - code=2 error=End of file
